[2025-04-16 15:50:53:1409] INFO  21540 --- [    Test worker] com.example.springboot.LogTest           : Started LogTest in 1.132 seconds (process running for 1.917)
[2025-04-16 15:50:53:1413] DEBUG 21540 --- [    Test worker] o.s.b.a.ApplicationAvailabilityBean      : Application availability state LivenessState changed to CORRECT
[2025-04-16 15:50:53:1416] DEBUG 21540 --- [    Test worker] o.s.b.a.ApplicationAvailabilityBean      : Application availability state ReadinessState changed to ACCEPTING_TRAFFIC
[2025-04-16 15:50:53:1418] DEBUG 21540 --- [    Test worker] o.springframework.test.context.cache     : Spring test ApplicationContext cache statistics: [DefaultContextCache@2fd1ad8a size = 1, maxSize = 32, parentContextCount = 0, hitCount = 0, missCount = 1, failureCount = 0]
[2025-04-16 15:50:53:1419] DEBUG 21540 --- [    Test worker] o.s.t.c.w.ServletTestExecutionListener   : Setting up MockHttpServletRequest, MockHttpServletResponse, ServletWebRequest, and RequestContextHolder for test class com.example.springboot.LogTest
[2025-04-16 15:50:53:1429] DEBUG 21540 --- [    Test worker] DependencyInjectionTestExecutionListener : Performing dependency injection for test class com.example.springboot.LogTest
[2025-04-16 15:50:53:1429] DEBUG 21540 --- [    Test worker] o.springframework.test.context.cache     : Spring test ApplicationContext cache statistics: [DefaultContextCache@2fd1ad8a size = 1, maxSize = 32, parentContextCount = 0, hitCount = 1, missCount = 1, failureCount = 0]
[2025-04-16 15:50:53:1430] DEBUG 21540 --- [    Test worker] o.springframework.test.context.cache     : Spring test ApplicationContext cache statistics: [DefaultContextCache@2fd1ad8a size = 1, maxSize = 32, parentContextCount = 0, hitCount = 2, missCount = 1, failureCount = 0]
[2025-04-16 15:50:53:1433] DEBUG 21540 --- [    Test worker] sContextBeforeModesTestExecutionListener : Before test method: class [LogTest], method [testSlf4j], class annotated with @DirtiesContext [false] with mode [null], method annotated with @DirtiesContext [false] with mode [null]
[2025-04-16 15:50:53:1434] DEBUG 21540 --- [    Test worker] o.springframework.test.context.cache     : Spring test ApplicationContext cache statistics: [DefaultContextCache@2fd1ad8a size = 1, maxSize = 32, parentContextCount = 0, hitCount = 3, missCount = 1, failureCount = 0]
[2025-04-16 15:50:53:1435] DEBUG 21540 --- [    Test worker] o.springframework.test.context.cache     : Spring test ApplicationContext cache statistics: [DefaultContextCache@2fd1ad8a size = 1, maxSize = 32, parentContextCount = 0, hitCount = 4, missCount = 1, failureCount = 0]
[2025-04-16 15:50:54:1946] DEBUG 21540 --- [    Test worker] o.springframework.test.context.cache     : Spring test ApplicationContext cache statistics: [DefaultContextCache@2fd1ad8a size = 1, maxSize = 32, parentContextCount = 0, hitCount = 5, missCount = 1, failureCount = 0]
[2025-04-16 15:50:54:1949] DEBUG 21540 --- [    Test worker] o.springframework.test.context.cache     : Spring test ApplicationContext cache statistics: [DefaultContextCache@2fd1ad8a size = 1, maxSize = 32, parentContextCount = 0, hitCount = 6, missCount = 1, failureCount = 0]
[2025-04-16 15:50:54:1952] DEBUG 21540 --- [    Test worker] com.example.springboot.LogTest           : slf4j trace 로깅 1
[2025-04-16 15:50:54:1954] INFO  21540 --- [    Test worker] com.example.springboot.LogTest           : slf4j trace 로깅 2
[2025-04-16 15:50:54:1955] WARN  21540 --- [    Test worker] com.example.springboot.LogTest           : slf4j trace 로깅 3
[2025-04-16 15:50:54:1955] ERROR 21540 --- [    Test worker] com.example.springboot.LogTest           : slf4j trace 로깅 4
[2025-04-16 15:50:54:1956] DEBUG 21540 --- [    Test worker] o.springframework.test.context.cache     : Spring test ApplicationContext cache statistics: [DefaultContextCache@2fd1ad8a size = 1, maxSize = 32, parentContextCount = 0, hitCount = 7, missCount = 1, failureCount = 0]
[2025-04-16 15:50:54:1956] DEBUG 21540 --- [    Test worker] o.springframework.test.context.cache     : Spring test ApplicationContext cache statistics: [DefaultContextCache@2fd1ad8a size = 1, maxSize = 32, parentContextCount = 0, hitCount = 8, missCount = 1, failureCount = 0]
[2025-04-16 15:50:54:1957] DEBUG 21540 --- [    Test worker] o.springframework.test.context.cache     : Spring test ApplicationContext cache statistics: [DefaultContextCache@2fd1ad8a size = 1, maxSize = 32, parentContextCount = 0, hitCount = 9, missCount = 1, failureCount = 0]
[2025-04-16 15:50:54:1957] DEBUG 21540 --- [    Test worker] o.springframework.test.context.cache     : Spring test ApplicationContext cache statistics: [DefaultContextCache@2fd1ad8a size = 1, maxSize = 32, parentContextCount = 0, hitCount = 10, missCount = 1, failureCount = 0]
[2025-04-16 15:50:54:1957] DEBUG 21540 --- [    Test worker] o.springframework.test.context.cache     : Spring test ApplicationContext cache statistics: [DefaultContextCache@2fd1ad8a size = 1, maxSize = 32, parentContextCount = 0, hitCount = 11, missCount = 1, failureCount = 0]
[2025-04-16 15:50:54:1958] DEBUG 21540 --- [    Test worker] o.springframework.test.context.cache     : Spring test ApplicationContext cache statistics: [DefaultContextCache@2fd1ad8a size = 1, maxSize = 32, parentContextCount = 0, hitCount = 12, missCount = 1, failureCount = 0]
[2025-04-16 15:50:54:1959] DEBUG 21540 --- [    Test worker] o.springframework.test.context.cache     : Spring test ApplicationContext cache statistics: [DefaultContextCache@2fd1ad8a size = 1, maxSize = 32, parentContextCount = 0, hitCount = 13, missCount = 1, failureCount = 0]
[2025-04-16 15:50:54:1960] DEBUG 21540 --- [    Test worker] .c.s.DirtiesContextTestExecutionListener : After test method: class [LogTest], method [testSlf4j], class annotated with @DirtiesContext [false] with mode [null], method annotated with @DirtiesContext [false] with mode [null]
[2025-04-16 15:50:54:1960] DEBUG 21540 --- [    Test worker] o.s.t.c.w.ServletTestExecutionListener   : Resetting RequestContextHolder for test class com.example.springboot.LogTest
[2025-04-16 15:50:54:1966] DEBUG 21540 --- [    Test worker] o.springframework.test.context.cache     : Spring test ApplicationContext cache statistics: [DefaultContextCache@2fd1ad8a size = 1, maxSize = 32, parentContextCount = 0, hitCount = 14, missCount = 1, failureCount = 0]
[2025-04-16 15:50:54:1966] DEBUG 21540 --- [    Test worker] o.springframework.test.context.cache     : Spring test ApplicationContext cache statistics: [DefaultContextCache@2fd1ad8a size = 1, maxSize = 32, parentContextCount = 0, hitCount = 15, missCount = 1, failureCount = 0]
[2025-04-16 15:50:54:1966] DEBUG 21540 --- [    Test worker] .c.s.DirtiesContextTestExecutionListener : After test class: class [LogTest], class annotated with @DirtiesContext [false] with mode [null]
[2025-04-16 15:50:54:1971] DEBUG 21540 --- [ionShutdownHook] o.s.w.c.s.GenericWebApplicationContext   : Closing org.springframework.web.context.support.GenericWebApplicationContext@3abfe845, started on Wed Apr 16 15:50:53 KST 2025
[2025-04-16 15:50:54:1972] DEBUG 21540 --- [ionShutdownHook] o.s.c.s.DefaultLifecycleProcessor        : Stopping beans in phase 1073741823
[2025-04-16 15:50:54:1973] DEBUG 21540 --- [ionShutdownHook] o.s.c.s.DefaultLifecycleProcessor        : Bean 'applicationTaskExecutor' completed its stop procedure
[2025-04-16 15:50:54:1973] DEBUG 21540 --- [ionShutdownHook] o.s.c.s.DefaultLifecycleProcessor        : Stopping beans in phase -2147483647
[2025-04-16 15:50:54:1973] DEBUG 21540 --- [ionShutdownHook] o.s.c.s.DefaultLifecycleProcessor        : Bean 'springBootLoggingLifecycle' completed its stop procedure
[2025-04-16 15:50:54:1973] DEBUG 21540 --- [ionShutdownHook] o.s.s.c.ThreadPoolTaskExecutor           : Shutting down ExecutorService 'applicationTaskExecutor'
